\BOOKMARK [1][-]{section.1}{Introduction}{}% 1
\BOOKMARK [1][-]{section.2}{History of Chatbots}{}% 2
\BOOKMARK [2][-]{subsection.2.1}{Modelling Conversations}{section.2}% 3
\BOOKMARK [2][-]{subsection.2.2}{Early Approaches}{section.2}% 4
\BOOKMARK [2][-]{subsection.2.3}{The Seq2seq Model}{section.2}% 5
\BOOKMARK [1][-]{section.3}{Background}{}% 6
\BOOKMARK [2][-]{subsection.3.1}{Recent Chatbot Architectures and Augmentations}{section.3}% 7
\BOOKMARK [3][-]{subsubsection.3.1.1}{Attention}{subsection.3.1}% 8
\BOOKMARK [3][-]{subsubsection.3.1.2}{Context}{subsection.3.1}% 9
\BOOKMARK [3][-]{subsubsection.3.1.3}{Objective Functions}{subsection.3.1}% 10
\BOOKMARK [3][-]{subsubsection.3.1.4}{Additional Features}{subsection.3.1}% 11
\BOOKMARK [3][-]{subsubsection.3.1.5}{Knowledge Bases, Copying and Information Retrieval}{subsection.3.1}% 12
\BOOKMARK [3][-]{subsubsection.3.1.6}{Task-Oriented Approaches}{subsection.3.1}% 13
\BOOKMARK [3][-]{subsubsection.3.1.7}{Decoding and Beam Search}{subsection.3.1}% 14
\BOOKMARK [3][-]{subsubsection.3.1.8}{Reinforcement Learning}{subsection.3.1}% 15
\BOOKMARK [3][-]{subsubsection.3.1.9}{Pretraining}{subsection.3.1}% 16
\BOOKMARK [3][-]{subsubsection.3.1.10}{Additional Encoder-Decoder Models}{subsection.3.1}% 17
\BOOKMARK [3][-]{subsubsection.3.1.11}{Evaluation Methods}{subsection.3.1}% 18
\BOOKMARK [2][-]{subsection.3.2}{Criticism}{section.3}% 19
\BOOKMARK [3][-]{subsubsection.3.2.1}{Datasets}{subsection.3.2}% 20
\BOOKMARK [3][-]{subsubsection.3.2.2}{Loss Function}{subsection.3.2}% 21
\BOOKMARK [3][-]{subsubsection.3.2.3}{Memory}{subsection.3.2}% 22
\BOOKMARK [3][-]{subsubsection.3.2.4}{Evaluation Metrics}{subsection.3.2}% 23
\BOOKMARK [2][-]{subsection.3.3}{Summary}{section.3}% 24
\BOOKMARK [1][-]{section.4}{Experiments}{}% 25
\BOOKMARK [2][-]{subsection.4.1}{The Tranformer Model}{section.4}% 26
\BOOKMARK [2][-]{subsection.4.2}{Datasets}{section.4}% 27
\BOOKMARK [1][-]{section.5}{Results}{}% 28
\BOOKMARK [1][-]{section.6}{Future Work}{}% 29
\BOOKMARK [1][-]{section.7}{Conclusion}{}% 30
\BOOKMARK [1][-]{section*.2}{References}{}% 31
